<?xml version="1.0" encoding="UTF-8"?>
<!-- Generated by org.testng.reporters.JUnitReportReporter -->
<testsuite hostname="Bhavani" failures="0" tests="2" name="com.concast.crm.assertiontest.Assertion" time="10.910" errors="0" timestamp="2024-08-06T14:06:32 IST" skipped="0">
  <testcase classname="com.concast.crm.assertiontest.Assertion" name="homePageTest" time="6.517"/>
  <system-out/>
  <testcase classname="com.concast.crm.assertiontest.Assertion" name="verifyLogoHomePageTest" time="4.393"/>
  <system-out/>
</testsuite> <!-- com.concast.crm.assertiontest.Assertion -->
