<?xml version="1.0" encoding="UTF-8"?>
<!-- Generated by org.testng.reporters.JUnitReportReporter -->
<testsuite hostname="Bhavani" failures="0" tests="2" name="com.practice.pom.repository.BaseClasss" time="0.016" errors="0" timestamp="2024-08-02T16:30:12 IST" skipped="0">
  <testcase classname="com.practice.pom.repository.BaseClasss" name="AnotherTest" time="0.012"/>
  <system-out/>
  <testcase classname="com.practice.pom.repository.BaseClasss" name="createOrgTest" time="0.004"/>
  <system-out/>
</testsuite> <!-- com.practice.pom.repository.BaseClasss -->
