<?xml version="1.0" encoding="UTF-8"?>
<!-- Generated by org.testng.reporters.JUnitReportReporter -->
<testsuite hostname="Bhavani" failures="0" tests="1" name="com.concast.crm.example.ExampleBatchExecution" time="0.009" errors="0" timestamp="2024-08-03T14:54:57 IST" skipped="0">
  <testcase classname="com.concast.crm.example.ExampleBatchExecution" name="Method1" time="0.009"/>
  <system-out/>
</testsuite> <!-- com.concast.crm.example.ExampleBatchExecution -->
