<?xml version="1.0" encoding="UTF-8"?>
<!-- Generated by org.testng.reporters.JUnitReportReporter -->
<testsuite hostname="Bhavani" failures="0" tests="6" name="com.concast.crm.multipleorganisatioon.MultipleOrganisationTest" time="125.564" errors="0" timestamp="2024-08-06T12:38:59 IST" skipped="0">
  <testcase classname="com.concast.crm.multipleorganisatioon.MultipleOrganisationTest" name="organisationTest" time="21.425"/>
  <system-out/>
  <testcase classname="com.concast.crm.multipleorganisatioon.MultipleOrganisationTest" name="organisationTest" time="21.705"/>
  <system-out/>
  <testcase classname="com.concast.crm.multipleorganisatioon.MultipleOrganisationTest" name="organisationWithcontact" time="20.781"/>
  <system-out/>
  <testcase classname="com.concast.crm.multipleorganisatioon.MultipleOrganisationTest" name="organisationWithIndustry" time="20.885"/>
  <system-out/>
  <testcase classname="com.concast.crm.multipleorganisatioon.MultipleOrganisationTest" name="organisationWithIndustry" time="20.777"/>
  <system-out/>
  <testcase classname="com.concast.crm.multipleorganisatioon.MultipleOrganisationTest" name="organisationWithcontact" time="19.991"/>
  <system-out/>
</testsuite> <!-- com.concast.crm.multipleorganisatioon.MultipleOrganisationTest -->
