<?xml version="1.0" encoding="UTF-8"?>
<!-- Generated by org.testng.reporters.JUnitReportReporter -->
<testsuite hostname="Bhavani" failures="0" tests="1" name="com.concast.crm.basetest.CreateContactWithOrganization" time="18.333" errors="0" timestamp="2024-08-03T12:46:36 IST" skipped="0">
  <testcase classname="com.concast.crm.basetest.CreateContactWithOrganization" name="contactWithOrganisation" time="18.333"/>
  <system-out/>
</testsuite> <!-- com.concast.crm.basetest.CreateContactWithOrganization -->
