<?xml version="1.0" encoding="UTF-8"?>
<!-- Generated by org.testng.reporters.JUnitReportReporter -->
<testsuite hostname="Bhavani" failures="0" tests="3" name="practicetest.GetProductInfoTest" time="17.973" errors="0" timestamp="2024-08-02T15:06:31 IST" skipped="0">
  <testcase classname="practicetest.GetProductInfoTest" name="getProductInfoTest" time="6.608"/>
  <system-out/>
  <testcase classname="practicetest.GetProductInfoTest" name="getProductInfoTest" time="5.038"/>
  <system-out/>
  <testcase classname="practicetest.GetProductInfoTest" name="getProductInfoTest" time="6.327"/>
  <system-out/>
</testsuite> <!-- practicetest.GetProductInfoTest -->
