<?xml version="1.0" encoding="UTF-8"?>
<!-- Generated by org.testng.reporters.JUnitXMLReporter -->
<testsuite ignored="0" hostname="Bhavani" failures="0" tests="3" name="Test-2" time="37.413" errors="0" timestamp="2024-08-06T11:16:38 IST">
  <testcase classname="com.concast.crm.multipleorganisatioon.MultipleOrganisationTest" name="organisationTest" time="8.171"/>
  <testcase classname="com.concast.crm.multipleorganisatioon.MultipleOrganisationTest" name="organisationWithIndustry" time="8.102"/>
  <testcase classname="com.concast.crm.multipleorganisatioon.MultipleOrganisationTest" name="organisationWithcontact" time="7.447"/>
</testsuite> <!-- Test-2 -->
